build/outputs/logs/manifest-merger-debug-report.txt
-- Merging decision tree log ---
manifest
ADDED from kerry\BluetoothDemo\AndroidManifest.xml:2:1-60:12
INJECTED from kerry\BluetoothDemo\AndroidManifest.xml:2:1-60:12
INJECTED from kerry\BluetoothDemo\AndroidManifest.xml:2:1-60:12
INJECTED from kerry\BluetoothDemo\AndroidManifest.xml:2:1-60:12
INJECTED from kerry\BluetoothDemo\AndroidManifest.xml:2:1-60:12
	package
		ADDED from kerry\BluetoothDemo\AndroidManifest.xml:3:5-39
	android:versionName
		ADDED from kerry\BluetoothDemo\AndroidManifest.xml:5:5-30
		INJECTED from kerry\BluetoothDemo\AndroidManifest.xml
		INJECTED from kerry\BluetoothDemo\AndroidManifest.xml
	xmlns:android
		ADDED from kerry\BluetoothDemo\AndroidManifest.xml:2:11-69
	android:versionCode
		ADDED from kerry\BluetoothDemo\AndroidManifest.xml:4:5-28
		INJECTED from kerry\BluetoothDemo\AndroidManifest.xml
		INJECTED from kerry\BluetoothDemo\AndroidManifest.xml
uses-sdk
ADDED from kerry\BluetoothDemo\AndroidManifest.xml:7:5-44
INJECTED from kerry\BluetoothDemo\AndroidManifest.xml:7:5-44
INJECTED from kerry\BluetoothDemo\AndroidManifest.xml:7:5-44
	android:minSdkVersion
		ADDED from kerry\BluetoothDemo\AndroidManifest.xml:7:15-41
		INJECTED from kerry\BluetoothDemo\AndroidManifest.xml
		INJECTED from kerry\BluetoothDemo\AndroidManifest.xml
uses-permission#android.permission.BLUETOOTH
ADDED from kerry\BluetoothDemo\AndroidManifest.xml:9:5-68
	android:name
		ADDED from kerry\BluetoothDemo\AndroidManifest.xml:9:22-65
uses-permission#android.permission.BLUETOOTH_ADMIN
ADDED from kerry\BluetoothDemo\AndroidManifest.xml:10:5-74
	android:name
		ADDED from kerry\BluetoothDemo\AndroidManifest.xml:10:22-71
uses-permission#android.permission.WRITE_EXTERNAL_STORAGE
ADDED from kerry\BluetoothDemo\AndroidManifest.xml:11:5-81
	android:name
		ADDED from kerry\BluetoothDemo\AndroidManifest.xml:11:22-78
uses-permission#android.permission.MOUNT_UNMOUNT_FILESYSTEMS
ADDED from kerry\BluetoothDemo\AndroidManifest.xml:12:5-84
	android:name
		ADDED from kerry\BluetoothDemo\AndroidManifest.xml:12:22-81
uses-permission#android.permission.ACCESS_WIFI_STATE
ADDED from kerry\BluetoothDemo\AndroidManifest.xml:13:5-76
	android:name
		ADDED from kerry\BluetoothDemo\AndroidManifest.xml:13:22-73
uses-permission#android.permission.CHANGE_WIFI_STATE
ADDED from kerry\BluetoothDemo\AndroidManifest.xml:14:5-76
	android:name
		ADDED from kerry\BluetoothDemo\AndroidManifest.xml:14:22-73
uses-permission#android.permission.CHANGE_NETWORK_STATE
ADDED from kerry\BluetoothDemo\AndroidManifest.xml:15:5-79
	android:name
		ADDED from kerry\BluetoothDemo\AndroidManifest.xml:15:22-76
uses-permission#android.permission.INTERNET
ADDED from kerry\BluetoothDemo\AndroidManifest.xml:16:5-67
	android:name
		ADDED from kerry\BluetoothDemo\AndroidManifest.xml:16:22-64
uses-permission#android.permission.ACCESS_NETWORK_STATE
ADDED from kerry\BluetoothDemo\AndroidManifest.xml:17:5-79
	android:name
		ADDED from kerry\BluetoothDemo\AndroidManifest.xml:17:22-76
uses-permission#android.permission.READ_PHONE_STATE
ADDED from kerry\BluetoothDemo\AndroidManifest.xml:18:5-75
	android:name
		ADDED from kerry\BluetoothDemo\AndroidManifest.xml:18:22-72
uses-permission#android.permission.READ_EXTERNAL_STORAGE
ADDED from kerry\BluetoothDemo\AndroidManifest.xml:19:5-80
	android:name
		ADDED from kerry\BluetoothDemo\AndroidManifest.xml:19:22-77
application
ADDED from kerry\BluetoothDemo\AndroidManifest.xml:21:5-58:19
	android:label
		ADDED from kerry\BluetoothDemo\AndroidManifest.xml:24:9-41
	android:icon
		ADDED from kerry\BluetoothDemo\AndroidManifest.xml:23:9-43
	android:name
		ADDED from kerry\BluetoothDemo\AndroidManifest.xml:22:9-45
activity#com.isoftstone.bluetooth.activity.BluetoothActivity
ADDED from kerry\BluetoothDemo\AndroidManifest.xml:25:9-28:59
	android:label
		ADDED from kerry\BluetoothDemo\AndroidManifest.xml:27:13-45
	android:theme
		ADDED from kerry\BluetoothDemo\AndroidManifest.xml:28:13-56
	android:name
		ADDED from kerry\BluetoothDemo\AndroidManifest.xml:26:13-55
activity#com.isoftstone.bluetooth.activity.SelectFileActivity
ADDED from kerry\BluetoothDemo\AndroidManifest.xml:29:9-32:59
	android:label
		ADDED from kerry\BluetoothDemo\AndroidManifest.xml:31:13-33
	android:theme
		ADDED from kerry\BluetoothDemo\AndroidManifest.xml:32:13-56
	android:name
		ADDED from kerry\BluetoothDemo\AndroidManifest.xml:30:13-56
activity#com.isoftstone.bluetooth.activity.WelcomeActivity
ADDED from kerry\BluetoothDemo\AndroidManifest.xml:33:9-42:20
	android:label
		ADDED from kerry\BluetoothDemo\AndroidManifest.xml:35:13-45
	android:theme
		ADDED from kerry\BluetoothDemo\AndroidManifest.xml:36:13-56
	android:name
		ADDED from kerry\BluetoothDemo\AndroidManifest.xml:34:13-53
intent-filter#action:name:android.intent.action.MAIN+category:name:android.intent.category.LAUNCHER
ADDED from kerry\BluetoothDemo\AndroidManifest.xml:37:13-41:29
action#android.intent.action.MAIN
ADDED from kerry\BluetoothDemo\AndroidManifest.xml:38:17-69
	android:name
		ADDED from kerry\BluetoothDemo\AndroidManifest.xml:38:25-66
category#android.intent.category.LAUNCHER
ADDED from kerry\BluetoothDemo\AndroidManifest.xml:40:17-77
	android:name
		ADDED from kerry\BluetoothDemo\AndroidManifest.xml:40:27-74
activity#com.isoftstone.bluetooth.p2p.WifiDirectActivity
ADDED from kerry\BluetoothDemo\AndroidManifest.xml:43:9-46:59
	android:label
		ADDED from kerry\BluetoothDemo\AndroidManifest.xml:45:13-45
	android:theme
		ADDED from kerry\BluetoothDemo\AndroidManifest.xml:46:13-56
	android:name
		ADDED from kerry\BluetoothDemo\AndroidManifest.xml:44:13-51
service#com.isoftstone.bluetooth.p2p.FileTransferService
ADDED from kerry\BluetoothDemo\AndroidManifest.xml:48:9-50:38
	android:enabled
		ADDED from kerry\BluetoothDemo\AndroidManifest.xml:50:13-35
	android:name
		ADDED from kerry\BluetoothDemo\AndroidManifest.xml:49:13-52
activity#com.isoftstone.bluetooth.activity.SecondActivity
ADDED from kerry\BluetoothDemo\AndroidManifest.xml:52:9-54:59
	android:theme
		ADDED from kerry\BluetoothDemo\AndroidManifest.xml:54:13-56
	android:name
		ADDED from kerry\BluetoothDemo\AndroidManifest.xml:53:13-52
meta-data#com.google.android.gms.version
ADDED from kerry\BluetoothDemo\AndroidManifest.xml:56:9-57:61
	android:name
		ADDED from kerry\BluetoothDemo\AndroidManifest.xml:57:13-58